# JRE version: OpenJDK Runtime Environment Temurin-21.0.4+7 (21.0.4+7) (build 21.0.4+7-LTS)
# Java VM: OpenJDK 64-Bit Server VM Temurin-21.0.4+7 (21.0.4+7-LTS, mixed mode, emulated-client, tiered, compressed oops, compressed class ptrs, g1 gc, windows-amd64)
GC Precious Log:
 CardTable entry size: 512
 Card Set container configuration: InlinePtr #cards 5 size 8 Array Of Cards #cards 12 size 40 Howl #buckets 4 coarsen threshold 1843 Howl Bitmap #cards 512 size 80 coarsen threshold 460 Card regions per heap region 1 cards per card region 2048
 CPUs: 8 total, 8 available
 Memory: 7914M
 Large Page Support: Disabled
 NUMA Support: Disabled
 Compressed Oops: Enabled (32-bit)
 Heap Region Size: 1M
 Heap Min Capacity: 8M
 Heap Initial Capacity: 124M
 Heap Max Capacity: 1980M
 Pre-touch: Disabled
 Parallel Workers: 8
 Concurrent Workers: 2
 Concurrent Refinement Workers: 8
 Periodic GC: Disabled
Heap:
 garbage-first heap   total 72704K, used 36495K [0x0000000084400000, 0x0000000100000000)
  region size 1024K, 1 young (1024K), 1 survivors (1024K)
 Metaspace       used 81459K, committed 81984K, reserved 1179648K
  class space    used 10781K, committed 11008K, reserved 1048576K
GC Heap History (20 events):
Event: 2605.296 GC heap after
{Heap after GC invocations=138 (full 0):
 garbage-first heap   total 72704K, used 36849K [0x0000000084400000, 0x0000000100000000)
  region size 1024K, 1 young (1024K), 1 survivors (1024K)
 Metaspace       used 81466K, committed 81984K, reserved 1179648K
  class space    used 10783K, committed 11008K, reserved 1048576K
}
Event: 2633.306 GC heap before
{Heap before GC invocations=138 (full 0):
 garbage-first heap   total 72704K, used 64497K [0x0000000084400000, 0x0000000100000000)
  region size 1024K, 29 young (29696K), 1 survivors (1024K)
 Metaspace       used 81466K, committed 81984K, reserved 1179648K
  class space    used 10783K, committed 11008K, reserved 1048576K
}
Event: 2633.308 GC heap after
{Heap after GC invocations=139 (full 0):
 garbage-first heap   total 72704K, used 36463K [0x0000000084400000, 0x0000000100000000)
  region size 1024K, 1 young (1024K), 1 survivors (1024K)
 Metaspace       used 81466K, committed 81984K, reserved 1179648K
  class space    used 10783K, committed 11008K, reserved 1048576K
}
Event: 2664.350 GC heap before
{Heap before GC invocations=140 (full 0):
 garbage-first heap   total 72704K, used 65135K [0x0000000084400000, 0x0000000100000000)
  region size 1024K, 29 young (29696K), 1 survivors (1024K)
 Metaspace       used 81459K, committed 81984K, reserved 1179648K
  class space    used 10782K, committed 11008K, reserved 1048576K
}
Event: 2664.352 GC heap after
{Heap after GC invocations=141 (full 0):
 garbage-first heap   total 72704K, used 36539K [0x0000000084400000, 0x0000000100000000)
  region size 1024K, 1 young (1024K), 1 survivors (1024K)
 Metaspace       used 81459K, committed 81984K, reserved 1179648K
  class space    used 10782K, committed 11008K, reserved 1048576K
}
Event: 2700.918 GC heap before
{Heap before GC invocations=141 (full 0):
 garbage-first heap   total 72704K, used 65211K [0x0000000084400000, 0x0000000100000000)
  region size 1024K, 29 young (29696K), 1 survivors (1024K)
 Metaspace       used 81459K, committed 81984K, reserved 1179648K
  class space    used 10782K, committed 11008K, reserved 1048576K
}
Event: 2700.920 GC heap after
{Heap after GC invocations=142 (full 0):
 garbage-first heap   total 72704K, used 36541K [0x0000000084400000, 0x0000000100000000)
  region size 1024K, 1 young (1024K), 1 survivors (1024K)
 Metaspace       used 81459K, committed 81984K, reserved 1179648K
  class space    used 10782K, committed 11008K, reserved 1048576K
}
Event: 2737.992 GC heap before
{Heap before GC invocations=143 (full 0):
 garbage-first heap   total 72704K, used 65213K [0x0000000084400000, 0x0000000100000000)
  region size 1024K, 29 young (29696K), 1 survivors (1024K)
 Metaspace       used 81453K, committed 81984K, reserved 1179648K
  class space    used 10780K, committed 11008K, reserved 1048576K
}
Event: 2737.993 GC heap after
{Heap after GC invocations=144 (full 0):
 garbage-first heap   total 72704K, used 36341K [0x0000000084400000, 0x0000000100000000)
  region size 1024K, 1 young (1024K), 1 survivors (1024K)
 Metaspace       used 81453K, committed 81984K, reserved 1179648K
  class space    used 10780K, committed 11008K, reserved 1048576K
}
Event: 2774.662 GC heap before
{Heap before GC invocations=144 (full 0):
 garbage-first heap   total 72704K, used 65013K [0x0000000084400000, 0x0000000100000000)
  region size 1024K, 29 young (29696K), 1 survivors (1024K)
 Metaspace       used 81453K, committed 81984K, reserved 1179648K
  class space    used 10780K, committed 11008K, reserved 1048576K
}
Event: 2774.663 GC heap after
{Heap after GC invocations=145 (full 0):
 garbage-first heap   total 72704K, used 36475K [0x0000000084400000, 0x0000000100000000)
  region size 1024K, 1 young (1024K), 1 survivors (1024K)
 Metaspace       used 81453K, committed 81984K, reserved 1179648K
  class space    used 10780K, committed 11008K, reserved 1048576K
}
Event: 2800.136 GC heap before
{Heap before GC invocations=146 (full 0):
 garbage-first heap   total 72704K, used 64123K [0x0000000084400000, 0x0000000100000000)
  region size 1024K, 29 young (29696K), 1 survivors (1024K)
 Metaspace       used 81466K, committed 81984K, reserved 1179648K
  class space    used 10783K, committed 11008K, reserved 1048576K
}
Event: 2800.137 GC heap after
{Heap after GC invocations=147 (full 0):
 garbage-first heap   total 72704K, used 36627K [0x0000000084400000, 0x0000000100000000)
  region size 1024K, 1 young (1024K), 1 survivors (1024K)
 Metaspace       used 81466K, committed 81984K, reserved 1179648K
  class space    used 10783K, committed 11008K, reserved 1048576K
}
Event: 2838.550 GC heap before
{Heap before GC invocations=147 (full 0):
 garbage-first heap   total 72704K, used 65299K [0x0000000084400000, 0x0000000100000000)
  region size 1024K, 29 young (29696K), 1 survivors (1024K)
 Metaspace       used 81470K, committed 81984K, reserved 1179648K
  class space    used 10784K, committed 11008K, reserved 1048576K
}
Event: 2838.552 GC heap after
{Heap after GC invocations=148 (full 0):
 garbage-first heap   total 72704K, used 36850K [0x0000000084400000, 0x0000000100000000)
  region size 1024K, 1 young (1024K), 1 survivors (1024K)
 Metaspace       used 81470K, committed 81984K, reserved 1179648K
  class space    used 10784K, committed 11008K, reserved 1048576K
}
Event: 2877.094 GC heap before
{Heap before GC invocations=149 (full 0):
 garbage-first heap   total 72704K, used 65522K [0x0000000084400000, 0x0000000100000000)
  region size 1024K, 29 young (29696K), 1 survivors (1024K)
 Metaspace       used 81455K, committed 81984K, reserved 1179648K
  class space    used 10780K, committed 11008K, reserved 1048576K
}
Event: 2877.096 GC heap after
{Heap after GC invocations=150 (full 0):
 garbage-first heap   total 72704K, used 36347K [0x0000000084400000, 0x0000000100000000)
  region size 1024K, 1 young (1024K), 1 survivors (1024K)
 Metaspace       used 81455K, committed 81984K, reserved 1179648K
  class space    used 10780K, committed 11008K, reserved 1048576K
}
Event: 2915.128 GC heap before
{Heap before GC invocations=150 (full 0):
 garbage-first heap   total 72704K, used 65019K [0x0000000084400000, 0x0000000100000000)
  region size 1024K, 29 young (29696K), 1 survivors (1024K)
 Metaspace       used 81459K, committed 81984K, reserved 1179648K
  class space    used 10781K, committed 11008K, reserved 1048576K
}
Event: 2915.133 GC heap after
{Heap after GC invocations=151 (full 0):
 garbage-first heap   total 72704K, used 36362K [0x0000000084400000, 0x0000000100000000)
  region size 1024K, 1 young (1024K), 1 survivors (1024K)
 Metaspace       used 81459K, committed 81984K, reserved 1179648K
  class space    used 10781K, committed 11008K, reserved 1048576K
}
Event: 2953.842 GC heap before
{Heap before GC invocations=152 (full 0):
 garbage-first heap   total 72704K, used 65034K [0x0000000084400000, 0x0000000100000000)
  region size 1024K, 29 young (29696K), 1 survivors (1024K)
 Metaspace       used 81459K, committed 81984K, reserved 1179648K
  class space    used 10781K, committed 11008K, reserved 1048576K
}

