# JRE version: OpenJDK Runtime Environment Temurin-21.0.4+7 (21.0.4+7) (build 21.0.4+7-LTS)
# Java VM: OpenJDK 64-Bit Server VM Temurin-21.0.4+7 (21.0.4+7-LTS, mixed mode, emulated-client, tiered, compressed oops, compressed class ptrs, g1 gc, windows-amd64)
GC Precious Log:
 CardTable entry size: 512
 Card Set container configuration: InlinePtr #cards 5 size 8 Array Of Cards #cards 12 size 40 Howl #buckets 4 coarsen threshold 1843 Howl Bitmap #cards 512 size 80 coarsen threshold 460 Card regions per heap region 1 cards per card region 2048
 CPUs: 8 total, 8 available
 Memory: 7914M
 Large Page Support: Disabled
 NUMA Support: Disabled
 Compressed Oops: Enabled (32-bit)
 Heap Region Size: 1M
 Heap Min Capacity: 8M
 Heap Initial Capacity: 124M
 Heap Max Capacity: 1980M
 Pre-touch: Disabled
 Parallel Workers: 8
 Concurrent Workers: 2
 Concurrent Refinement Workers: 8
 Periodic GC: Disabled
Heap:
 garbage-first heap   total 65536K, used 52837K [0x0000000084400000, 0x0000000100000000)
  region size 1024K, 28 young (28672K), 4 survivors (4096K)
 Metaspace       used 66341K, committed 66816K, reserved 1114112K
  class space    used 8748K, committed 8960K, reserved 1048576K
GC Heap History (20 events):
Event: 1.267 GC heap before
{Heap before GC invocations=4 (full 0):
 garbage-first heap   total 45056K, used 30560K [0x0000000084400000, 0x0000000100000000)
  region size 1024K, 21 young (21504K), 4 survivors (4096K)
 Metaspace       used 30387K, committed 30720K, reserved 1114112K
  class space    used 3582K, committed 3712K, reserved 1048576K
}
Event: 1.270 GC heap after
{Heap after GC invocations=5 (full 0):
 garbage-first heap   total 45056K, used 15430K [0x0000000084400000, 0x0000000100000000)
  region size 1024K, 2 young (2048K), 2 survivors (2048K)
 Metaspace       used 30387K, committed 30720K, reserved 1114112K
  class space    used 3582K, committed 3712K, reserved 1048576K
}
Event: 1.489 GC heap before
{Heap before GC invocations=5 (full 0):
 garbage-first heap   total 45056K, used 32838K [0x0000000084400000, 0x0000000100000000)
  region size 1024K, 20 young (20480K), 2 survivors (2048K)
 Metaspace       used 32386K, committed 32704K, reserved 1114112K
  class space    used 3884K, committed 4032K, reserved 1048576K
}
Event: 1.491 GC heap after
{Heap after GC invocations=6 (full 0):
 garbage-first heap   total 54272K, used 16629K [0x0000000084400000, 0x0000000100000000)
  region size 1024K, 3 young (3072K), 3 survivors (3072K)
 Metaspace       used 32386K, committed 32704K, reserved 1114112K
  class space    used 3884K, committed 4032K, reserved 1048576K
}
Event: 1.888 GC heap before
{Heap before GC invocations=6 (full 0):
 garbage-first heap   total 54272K, used 41205K [0x0000000084400000, 0x0000000100000000)
  region size 1024K, 27 young (27648K), 3 survivors (3072K)
 Metaspace       used 35237K, committed 35648K, reserved 1114112K
  class space    used 4329K, committed 4480K, reserved 1048576K
}
Event: 1.892 GC heap after
{Heap after GC invocations=7 (full 0):
 garbage-first heap   total 54272K, used 18289K [0x0000000084400000, 0x0000000100000000)
  region size 1024K, 4 young (4096K), 4 survivors (4096K)
 Metaspace       used 35237K, committed 35648K, reserved 1114112K
  class space    used 4329K, committed 4480K, reserved 1048576K
}
Event: 1.919 GC heap before
{Heap before GC invocations=7 (full 0):
 garbage-first heap   total 54272K, used 19313K [0x0000000084400000, 0x0000000100000000)
  region size 1024K, 6 young (6144K), 4 survivors (4096K)
 Metaspace       used 35596K, committed 35968K, reserved 1114112K
  class space    used 4376K, committed 4544K, reserved 1048576K
}
Event: 1.921 GC heap after
{Heap after GC invocations=8 (full 0):
 garbage-first heap   total 54272K, used 18352K [0x0000000084400000, 0x0000000100000000)
  region size 1024K, 3 young (3072K), 3 survivors (3072K)
 Metaspace       used 35596K, committed 35968K, reserved 1114112K
  class space    used 4376K, committed 4544K, reserved 1048576K
}
Event: 2.306 GC heap before
{Heap before GC invocations=9 (full 0):
 garbage-first heap   total 54272K, used 43952K [0x0000000084400000, 0x0000000100000000)
  region size 1024K, 28 young (28672K), 3 survivors (3072K)
 Metaspace       used 39889K, committed 40256K, reserved 1114112K
  class space    used 5009K, committed 5184K, reserved 1048576K
}
Event: 2.310 GC heap after
{Heap after GC invocations=10 (full 0):
 garbage-first heap   total 54272K, used 20905K [0x0000000084400000, 0x0000000100000000)
  region size 1024K, 4 young (4096K), 4 survivors (4096K)
 Metaspace       used 39889K, committed 40256K, reserved 1114112K
  class space    used 5009K, committed 5184K, reserved 1048576K
}
Event: 2.601 GC heap before
{Heap before GC invocations=10 (full 0):
 garbage-first heap   total 54272K, used 43433K [0x0000000084400000, 0x0000000100000000)
  region size 1024K, 27 young (27648K), 4 survivors (4096K)
 Metaspace       used 42785K, committed 43264K, reserved 1114112K
  class space    used 5359K, committed 5568K, reserved 1048576K
}
Event: 2.605 GC heap after
{Heap after GC invocations=11 (full 0):
 garbage-first heap   total 54272K, used 22710K [0x0000000084400000, 0x0000000100000000)
  region size 1024K, 2 young (2048K), 2 survivors (2048K)
 Metaspace       used 42785K, committed 43264K, reserved 1114112K
  class space    used 5359K, committed 5568K, reserved 1048576K
}
Event: 3.100 GC heap before
{Heap before GC invocations=11 (full 0):
 garbage-first heap   total 54272K, used 45238K [0x0000000084400000, 0x0000000100000000)
  region size 1024K, 25 young (25600K), 2 survivors (2048K)
 Metaspace       used 50192K, committed 50624K, reserved 1114112K
  class space    used 6457K, committed 6656K, reserved 1048576K
}
Event: 3.103 GC heap after
{Heap after GC invocations=12 (full 0):
 garbage-first heap   total 65536K, used 24732K [0x0000000084400000, 0x0000000100000000)
  region size 1024K, 4 young (4096K), 4 survivors (4096K)
 Metaspace       used 50192K, committed 50624K, reserved 1114112K
  class space    used 6457K, committed 6656K, reserved 1048576K
}
Event: 3.609 GC heap before
{Heap before GC invocations=12 (full 0):
 garbage-first heap   total 65536K, used 54428K [0x0000000084400000, 0x0000000100000000)
  region size 1024K, 34 young (34816K), 4 survivors (4096K)
 Metaspace       used 56712K, committed 57216K, reserved 1114112K
  class space    used 7451K, committed 7680K, reserved 1048576K
}
Event: 3.613 GC heap after
{Heap after GC invocations=13 (full 0):
 garbage-first heap   total 65536K, used 26615K [0x0000000084400000, 0x0000000100000000)
  region size 1024K, 5 young (5120K), 5 survivors (5120K)
 Metaspace       used 56712K, committed 57216K, reserved 1114112K
  class space    used 7451K, committed 7680K, reserved 1048576K
}
Event: 4.140 GC heap before
{Heap before GC invocations=13 (full 0):
 garbage-first heap   total 65536K, used 41975K [0x0000000084400000, 0x0000000100000000)
  region size 1024K, 21 young (21504K), 5 survivors (5120K)
 Metaspace       used 59734K, committed 60160K, reserved 1114112K
  class space    used 7852K, committed 8064K, reserved 1048576K
}
Event: 4.145 GC heap after
{Heap after GC invocations=14 (full 0):
 garbage-first heap   total 65536K, used 27871K [0x0000000084400000, 0x0000000100000000)
  region size 1024K, 4 young (4096K), 4 survivors (4096K)
 Metaspace       used 59734K, committed 60160K, reserved 1114112K
  class space    used 7852K, committed 8064K, reserved 1048576K
}
Event: 4.487 GC heap before
{Heap before GC invocations=15 (full 0):
 garbage-first heap   total 65536K, used 56543K [0x0000000084400000, 0x0000000100000000)
  region size 1024K, 32 young (32768K), 4 survivors (4096K)
 Metaspace       used 63013K, committed 63488K, reserved 1114112K
  class space    used 8363K, committed 8576K, reserved 1048576K
}
Event: 4.490 GC heap after
{Heap after GC invocations=16 (full 0):
 garbage-first heap   total 65536K, used 30309K [0x0000000084400000, 0x0000000100000000)
  region size 1024K, 4 young (4096K), 4 survivors (4096K)
 Metaspace       used 63013K, committed 63488K, reserved 1114112K
  class space    used 8363K, committed 8576K, reserved 1048576K
}

